#
# There is insufficient memory for the Java Runtime Environment to continue.
# Native memory allocation (malloc) failed to allocate 695744 bytes for Chunk::new
# Possible reasons:
#   The system is out of physical RAM or swap space
#   The process is running with CompressedOops enabled, and the Java Heap may be blocking the growth of the native heap
# Possible solutions:
#   Reduce memory load on the system
#   Increase physical memory or swap space
#   Check if swap backing store is full
#   Decrease Java heap size (-Xmx/-Xms)
#   Decrease number of Java threads
#   Decrease Java thread stack sizes (-Xss)
#   Set larger code cache with -XX:ReservedCodeCacheSize=
#   JVM is running with Unscaled Compressed Oops mode in which the Java heap is
#     placed in the first 4GB address space. The Java Heap base address is the
#     maximum limit for the native heap growth. Please use -XX:HeapBaseMinAddress
#     to set the Java Heap base and to place the Java Heap above 4GB virtual address.
# This output file may be truncated or incomplete.
#
#  Out of Memory Error (arena.cpp:168), pid=1948, tid=12656
#
# JRE version: OpenJDK Runtime Environment (21.0.1+12) (build 21.0.1+12-29)
# Java VM: OpenJDK 64-Bit Server VM (21.0.1+12-29, mixed mode, sharing, tiered, compressed oops, compressed class ptrs, g1 gc, windows-amd64)
# No core dump will be written. Minidumps are not enabled by default on client versions of Windows
#

---------------  S U M M A R Y ------------

Command Line: -javaagent:C:\Program Files\JetBrains\IntelliJ IDEA Community Edition 2025.1.1.1\lib\idea_rt.jar=53909 -Dfile.encoding=UTF-8 -Dsun.stdout.encoding=UTF-8 -Dsun.stderr.encoding=UTF-8 com.example.stipendije.StipendijeApplication

Host: Intel(R) Core(TM) i7-3612QM CPU @ 2.10GHz, 8 cores, 7G,  Windows 10 , 64 bit Build 19041 (10.0.19041.5915)
Time: Fri Jan 16 18:46:07 2026 Srednja Europa - st. vrij. elapsed time: 5.387600 seconds (0d 0h 0m 5s)

---------------  T H R E A D  ---------------

Current thread (0x00000212f8d59a80):  JavaThread "C2 CompilerThread1" daemon [_thread_in_native, id=12656, stack(0x000000e6d0300000,0x000000e6d0400000) (1024K)]


Current CompileTask:
C2:   5387 3638       4       org.springframework.core.ResolvableType::forType (112 bytes)

Stack: [0x000000e6d0300000,0x000000e6d0400000]
Native frames: (J=compiled Java code, j=interpreted, Vv=VM code, C=native code)
V  [jvm.dll+0x6c9029]
V  [jvm.dll+0x854b81]
V  [jvm.dll+0x856e5e]
V  [jvm.dll+0x857543]
V  [jvm.dll+0x280c06]
V  [jvm.dll+0xc3ead]
V  [jvm.dll+0xc43c3]
V  [jvm.dll+0x3b576c]
V  [jvm.dll+0x1e1ec3]
V  [jvm.dll+0x249c22]
V  [jvm.dll+0x2490b1]
V  [jvm.dll+0x1c9ca1]
V  [jvm.dll+0x2586b9]
V  [jvm.dll+0x256c9a]
V  [jvm.dll+0x3ef1b6]
V  [jvm.dll+0x7fd728]
V  [jvm.dll+0x6c777d]
C  [ucrtbase.dll+0x21bb2]
C  [KERNEL32.DLL+0x17374]
C  [ntdll.dll+0x4cc91]


---------------  P R O C E S S  ---------------

Threads class SMR info:
_java_thread_list=0x00000212fdb55b30, length=15, elements={
0x00000212da14d660, 0x00000212f8a01860, 0x00000212f8a02780, 0x00000212f8a04550,
0x00000212f8a07240, 0x00000212f8a07ca0, 0x00000212f8a0a710, 0x00000212f8a109b0,
0x00000212f8a11450, 0x00000212f89c2150, 0x00000212f8d59a80, 0x00000212fd13f380,
0x00000212f8e8eaa0, 0x00000212fd7fdb70, 0x00000212fd568de0
}

Java Threads: ( => current thread )
  0x00000212da14d660 JavaThread "main"                              [_thread_blocked, id=13888, stack(0x000000e6cf200000,0x000000e6cf300000) (1024K)]
  0x00000212f8a01860 JavaThread "Reference Handler"          daemon [_thread_blocked, id=17024, stack(0x000000e6cfa00000,0x000000e6cfb00000) (1024K)]
  0x00000212f8a02780 JavaThread "Finalizer"                  daemon [_thread_blocked, id=12100, stack(0x000000e6cfb00000,0x000000e6cfc00000) (1024K)]
  0x00000212f8a04550 JavaThread "Signal Dispatcher"          daemon [_thread_blocked, id=17800, stack(0x000000e6cfc00000,0x000000e6cfd00000) (1024K)]
  0x00000212f8a07240 JavaThread "Attach Listener"            daemon [_thread_blocked, id=17256, stack(0x000000e6cfd00000,0x000000e6cfe00000) (1024K)]
  0x00000212f8a07ca0 JavaThread "Service Thread"             daemon [_thread_blocked, id=12060, stack(0x000000e6cfe00000,0x000000e6cff00000) (1024K)]
  0x00000212f8a0a710 JavaThread "Monitor Deflation Thread"   daemon [_thread_blocked, id=7292, stack(0x000000e6cff00000,0x000000e6d0000000) (1024K)]
  0x00000212f8a109b0 JavaThread "C2 CompilerThread0"         daemon [_thread_in_native, id=14788, stack(0x000000e6d0000000,0x000000e6d0100000) (1024K)]
  0x00000212f8a11450 JavaThread "C1 CompilerThread0"         daemon [_thread_blocked, id=14776, stack(0x000000e6d0100000,0x000000e6d0200000) (1024K)]
  0x00000212f89c2150 JavaThread "Common-Cleaner"             daemon [_thread_blocked, id=17644, stack(0x000000e6d0200000,0x000000e6d0300000) (1024K)]
=>0x00000212f8d59a80 JavaThread "C2 CompilerThread1"         daemon [_thread_in_native, id=12656, stack(0x000000e6d0300000,0x000000e6d0400000) (1024K)]
  0x00000212fd13f380 JavaThread "Monitor Ctrl-Break"         daemon [_thread_in_native, id=15040, stack(0x000000e6d0400000,0x000000e6d0500000) (1024K)]
  0x00000212f8e8eaa0 JavaThread "Notification Thread"        daemon [_thread_blocked, id=18896, stack(0x000000e6d0500000,0x000000e6d0600000) (1024K)]
  0x00000212fd7fdb70 JavaThread "Thread-0"                          [_thread_blocked, id=3308, stack(0x000000e6d0600000,0x000000e6d0700000) (1024K)]
  0x00000212fd568de0 JavaThread "restartedMain"                     [_thread_in_vm, id=3044, stack(0x000000e6d0700000,0x000000e6d0800000) (1024K)]
Total: 15

Other Threads:
  0x00000212d9f6fd60 VMThread "VM Thread"                           [id=19004, stack(0x000000e6cf900000,0x000000e6cfa00000) (1024K)]
  0x00000212f89c0f60 WatcherThread "VM Periodic Task Thread"        [id=17696, stack(0x000000e6cf800000,0x000000e6cf900000) (1024K)]
  0x00000212d9f70be0 WorkerThread "GC Thread#0"                     [id=13004, stack(0x000000e6cf300000,0x000000e6cf400000) (1024K)]
  0x00000212d9f70100 WorkerThread "GC Thread#1"                     [id=12632, stack(0x000000e6d0800000,0x000000e6d0900000) (1024K)]
  0x00000212d9f704a0 WorkerThread "GC Thread#2"                     [id=9728, stack(0x000000e6d0900000,0x000000e6d0a00000) (1024K)]
  0x00000212fd895820 WorkerThread "GC Thread#3"                     [id=10636, stack(0x000000e6d0a00000,0x000000e6d0b00000) (1024K)]
  0x00000212fd893780 WorkerThread "GC Thread#4"                     [id=13256, stack(0x000000e6d0b00000,0x000000e6d0c00000) (1024K)]
  0x00000212fd893b20 WorkerThread "GC Thread#5"                     [id=15032, stack(0x000000e6d0c00000,0x000000e6d0d00000) (1024K)]
  0x00000212fd894d40 WorkerThread "GC Thread#6"                     [id=14712, stack(0x000000e6d0e00000,0x000000e6d0f00000) (1024K)]
  0x00000212fd8933e0 WorkerThread "GC Thread#7"                     [id=18808, stack(0x000000e6d0f00000,0x000000e6d1000000) (1024K)]
  0x00000212da05de90 ConcurrentGCThread "G1 Main Marker"            [id=12996, stack(0x000000e6cf400000,0x000000e6cf500000) (1024K)]
  0x00000212d9f6f9c0 WorkerThread "G1 Conc#0"                       [id=7592, stack(0x000000e6cf500000,0x000000e6cf600000) (1024K)]
  0x00000212fd895f60 WorkerThread "G1 Conc#1"                       [id=12244, stack(0x000000e6d1000000,0x000000e6d1100000) (1024K)]
  0x00000212da20ea00 ConcurrentGCThread "G1 Refine#0"               [id=3524, stack(0x000000e6cf600000,0x000000e6cf700000) (1024K)]
  0x00000212f8895740 ConcurrentGCThread "G1 Service"                [id=4316, stack(0x000000e6cf700000,0x000000e6cf800000) (1024K)]
Total: 15

Threads with active compile tasks:
C2 CompilerThread0     5434 3625       4       org.springframework.core.ResolvableType::resolveType (143 bytes)
C2 CompilerThread1     5434 3638       4       org.springframework.core.ResolvableType::forType (112 bytes)
Total: 2

VM state: not at safepoint (normal execution)

VM Mutex/Monitor currently owned by a thread: None

Heap address: 0x0000000082400000, size: 2012 MB, Compressed Oops mode: 32-bit

CDS archive(s) mapped at: [0x0000021280000000-0x0000021280c90000-0x0000021280c90000), size 13172736, SharedBaseAddress: 0x0000021280000000, ArchiveRelocationMode: 1.
Compressed class space mapped at: 0x0000021281000000-0x00000212c1000000, reserved size: 1073741824
Narrow klass base: 0x0000021280000000, Narrow klass shift: 0, Narrow klass range: 0x100000000

GC Precious Log:
 CardTable entry size: 512
 Card Set container configuration: InlinePtr #cards 5 size 8 Array Of Cards #cards 12 size 40 Howl #buckets 4 coarsen threshold 1843 Howl Bitmap #cards 512 size 80 coarsen threshold 460 Card regions per heap region 1 cards per card region 2048
 CPUs: 8 total, 8 available
 Memory: 8040M
 Large Page Support: Disabled
 NUMA Support: Disabled
 Compressed Oops: Enabled (32-bit)
 Heap Region Size: 1M
 Heap Min Capacity: 8M
 Heap Initial Capacity: 126M
 Heap Max Capacity: 2012M
 Pre-touch: Disabled
 Parallel Workers: 8
 Concurrent Workers: 2
 Concurrent Refinement Workers: 8
 Periodic GC: Disabled

Heap:
 garbage-first heap   total 55296K, used 52924K [0x0000000082400000, 0x0000000100000000)
  region size 1024K, 45 young (46080K), 6 survivors (6144K)
 Metaspace       used 25994K, committed 26432K, reserved 1114112K
  class space    used 3347K, committed 3520K, reserved 1048576K

Heap Regions: E=young(eden), S=young(survivor), O=old, HS=humongous(starts), HC=humongous(continues), CS=collection set, F=free, TAMS=top-at-mark-start, PB=parsable bottom
|   0|0x0000000082400000, 0x0000000082500000, 0x0000000082500000|100%|HS|  |TAMS 0x0000000082400000| PB 0x0000000082400000| Complete 
|   1|0x0000000082500000, 0x0000000082600000, 0x0000000082600000|100%|HS|  |TAMS 0x0000000082500000| PB 0x0000000082500000| Complete 
|   2|0x0000000082600000, 0x0000000082700000, 0x0000000082700000|100%| O|  |TAMS 0x0000000082600000| PB 0x0000000082600000| Untracked 
|   3|0x0000000082700000, 0x0000000082800000, 0x0000000082800000|100%| O|  |TAMS 0x0000000082700000| PB 0x0000000082700000| Untracked 
|   4|0x0000000082800000, 0x0000000082900000, 0x0000000082900000|100%| O|  |TAMS 0x0000000082800000| PB 0x0000000082800000| Untracked 
|   5|0x0000000082900000, 0x0000000082a00000, 0x0000000082a00000|100%| O|  |TAMS 0x0000000082900000| PB 0x0000000082900000| Untracked 
|   6|0x0000000082a00000, 0x0000000082b00000, 0x0000000082b00000|100%| O|  |TAMS 0x0000000082a00000| PB 0x0000000082a00000| Untracked 
|   7|0x0000000082b00000, 0x0000000082bc2400, 0x0000000082c00000| 75%| O|Cm|TAMS 0x0000000082b00000| PB 0x0000000082b00000| Complete 
|   8|0x0000000082c00000, 0x0000000082c00000, 0x0000000082d00000|  0%| F|  |TAMS 0x0000000082c00000| PB 0x0000000082c00000| Untracked 
|   9|0x0000000082d00000, 0x0000000082e00000, 0x0000000082e00000|100%| E|  |TAMS 0x0000000082d00000| PB 0x0000000082d00000| Complete 
|  10|0x0000000082e00000, 0x0000000082f00000, 0x0000000082f00000|100%| E|CS|TAMS 0x0000000082e00000| PB 0x0000000082e00000| Complete 
|  11|0x0000000082f00000, 0x0000000083000000, 0x0000000083000000|100%| E|CS|TAMS 0x0000000082f00000| PB 0x0000000082f00000| Complete 
|  12|0x0000000083000000, 0x0000000083100000, 0x0000000083100000|100%| E|CS|TAMS 0x0000000083000000| PB 0x0000000083000000| Complete 
|  13|0x0000000083100000, 0x0000000083200000, 0x0000000083200000|100%| E|CS|TAMS 0x0000000083100000| PB 0x0000000083100000| Complete 
|  14|0x0000000083200000, 0x0000000083300000, 0x0000000083300000|100%| E|CS|TAMS 0x0000000083200000| PB 0x0000000083200000| Complete 
|  15|0x0000000083300000, 0x0000000083400000, 0x0000000083400000|100%| E|CS|TAMS 0x0000000083300000| PB 0x0000000083300000| Complete 
|  16|0x0000000083400000, 0x0000000083500000, 0x0000000083500000|100%| E|CS|TAMS 0x0000000083400000| PB 0x0000000083400000| Complete 
|  17|0x0000000083500000, 0x0000000083600000, 0x0000000083600000|100%| E|CS|TAMS 0x0000000083500000| PB 0x0000000083500000| Complete 
|  18|0x0000000083600000, 0x0000000083700000, 0x0000000083700000|100%| E|CS|TAMS 0x0000000083600000| PB 0x0000000083600000| Complete 
|  19|0x0000000083700000, 0x0000000083800000, 0x0000000083800000|100%| E|CS|TAMS 0x0000000083700000| PB 0x0000000083700000| Complete 
|  20|0x0000000083800000, 0x0000000083900000, 0x0000000083900000|100%| E|CS|TAMS 0x0000000083800000| PB 0x0000000083800000| Complete 
|  21|0x0000000083900000, 0x0000000083a00000, 0x0000000083a00000|100%| E|CS|TAMS 0x0000000083900000| PB 0x0000000083900000| Complete 
|  22|0x0000000083a00000, 0x0000000083b00000, 0x0000000083b00000|100%| E|CS|TAMS 0x0000000083a00000| PB 0x0000000083a00000| Complete 
|  23|0x0000000083b00000, 0x0000000083c00000, 0x0000000083c00000|100%| E|CS|TAMS 0x0000000083b00000| PB 0x0000000083b00000| Complete 
|  24|0x0000000083c00000, 0x0000000083d00000, 0x0000000083d00000|100%| E|CS|TAMS 0x0000000083c00000| PB 0x0000000083c00000| Complete 
|  25|0x0000000083d00000, 0x0000000083e00000, 0x0000000083e00000|100%| E|CS|TAMS 0x0000000083d00000| PB 0x0000000083d00000| Complete 
|  26|0x0000000083e00000, 0x0000000083f00000, 0x0000000083f00000|100%| E|CS|TAMS 0x0000000083e00000| PB 0x0000000083e00000| Complete 
|  27|0x0000000083f00000, 0x0000000084000000, 0x0000000084000000|100%| E|CS|TAMS 0x0000000083f00000| PB 0x0000000083f00000| Complete 
|  28|0x0000000084000000, 0x0000000084100000, 0x0000000084100000|100%| E|CS|TAMS 0x0000000084000000| PB 0x0000000084000000| Complete 
|  29|0x0000000084100000, 0x0000000084200000, 0x0000000084200000|100%| E|CS|TAMS 0x0000000084100000| PB 0x0000000084100000| Complete 
|  30|0x0000000084200000, 0x0000000084300000, 0x0000000084300000|100%| E|CS|TAMS 0x0000000084200000| PB 0x0000000084200000| Complete 
|  31|0x0000000084300000, 0x0000000084400000, 0x0000000084400000|100%| E|CS|TAMS 0x0000000084300000| PB 0x0000000084300000| Complete 
|  32|0x0000000084400000, 0x0000000084500000, 0x0000000084500000|100%| E|CS|TAMS 0x0000000084400000| PB 0x0000000084400000| Complete 
|  33|0x0000000084500000, 0x0000000084600000, 0x0000000084600000|100%| E|CS|TAMS 0x0000000084500000| PB 0x0000000084500000| Complete 
|  34|0x0000000084600000, 0x0000000084700000, 0x0000000084700000|100%| E|CS|TAMS 0x0000000084600000| PB 0x0000000084600000| Complete 
|  35|0x0000000084700000, 0x0000000084800000, 0x0000000084800000|100%| E|CS|TAMS 0x0000000084700000| PB 0x0000000084700000| Complete 
|  36|0x0000000084800000, 0x0000000084900000, 0x0000000084900000|100%| E|CS|TAMS 0x0000000084800000| PB 0x0000000084800000| Complete 
|  37|0x0000000084900000, 0x0000000084a00000, 0x0000000084a00000|100%| E|CS|TAMS 0x0000000084900000| PB 0x0000000084900000| Complete 
|  38|0x0000000084a00000, 0x0000000084b00000, 0x0000000084b00000|100%| E|CS|TAMS 0x0000000084a00000| PB 0x0000000084a00000| Complete 
|  39|0x0000000084b00000, 0x0000000084c00000, 0x0000000084c00000|100%| E|CS|TAMS 0x0000000084b00000| PB 0x0000000084b00000| Complete 
|  40|0x0000000084c00000, 0x0000000084d00000, 0x0000000084d00000|100%| E|CS|TAMS 0x0000000084c00000| PB 0x0000000084c00000| Complete 
|  41|0x0000000084d00000, 0x0000000084e00000, 0x0000000084e00000|100%| E|CS|TAMS 0x0000000084d00000| PB 0x0000000084d00000| Complete 
|  42|0x0000000084e00000, 0x0000000084f00000, 0x0000000084f00000|100%| E|CS|TAMS 0x0000000084e00000| PB 0x0000000084e00000| Complete 
|  43|0x0000000084f00000, 0x0000000085000000, 0x0000000085000000|100%| E|CS|TAMS 0x0000000084f00000| PB 0x0000000084f00000| Complete 
|  44|0x0000000085000000, 0x0000000085100000, 0x0000000085100000|100%| E|CS|TAMS 0x0000000085000000| PB 0x0000000085000000| Complete 
|  45|0x0000000085100000, 0x0000000085200000, 0x0000000085200000|100%| E|CS|TAMS 0x0000000085100000| PB 0x0000000085100000| Complete 
|  83|0x0000000087700000, 0x00000000877ecf88, 0x0000000087800000| 92%| S|CS|TAMS 0x0000000087700000| PB 0x0000000087700000| Complete 
|  84|0x0000000087800000, 0x0000000087900000, 0x0000000087900000|100%| S|CS|TAMS 0x0000000087800000| PB 0x0000000087800000| Complete 
|  85|0x0000000087900000, 0x0000000087a00000, 0x0000000087a00000|100%| S|CS|TAMS 0x0000000087900000| PB 0x0000000087900000| Complete 
|  86|0x0000000087a00000, 0x0000000087b00000, 0x0000000087b00000|100%| S|CS|TAMS 0x0000000087a00000| PB 0x0000000087a00000| Complete 
|  87|0x0000000087b00000, 0x0000000087c00000, 0x0000000087c00000|100%| S|CS|TAMS 0x0000000087b00000| PB 0x0000000087b00000| Complete 
|  88|0x0000000087c00000, 0x0000000087d00000, 0x0000000087d00000|100%| S|CS|TAMS 0x0000000087c00000| PB 0x0000000087c00000| Complete 
| 124|0x000000008a000000, 0x000000008a100000, 0x000000008a100000|100%| E|CS|TAMS 0x000000008a000000| PB 0x000000008a000000| Complete 
| 125|0x000000008a100000, 0x000000008a200000, 0x000000008a200000|100%| E|CS|TAMS 0x000000008a100000| PB 0x000000008a100000| Complete 

Card table byte_map: [0x00000212f3bf0000,0x00000212f3fe0000] _byte_map_base: 0x00000212f37de000

Marking Bits: (CMBitMap*) 0x00000212da1a3f90
 Bits: [0x00000212f3fe0000, 0x00000212f5f50000)

Polling page: 0x00000212da210000

Metaspace:

Usage:
  Non-class:     22.12 MB used.
      Class:      3.27 MB used.
       Both:     25.39 MB used.

Virtual space:
  Non-class space:       64.00 MB reserved,      22.38 MB ( 35%) committed,  1 nodes.
      Class space:        1.00 GB reserved,       3.44 MB ( <1%) committed,  1 nodes.
             Both:        1.06 GB reserved,      25.81 MB (  2%) committed. 

Chunk freelists:
   Non-Class:  9.22 MB
       Class:  12.39 MB
        Both:  21.61 MB

MaxMetaspaceSize: unlimited
CompressedClassSpaceSize: 1.00 GB
Initial GC threshold: 21.00 MB
Current GC threshold: 35.25 MB
CDS: on
 - commit_granule_bytes: 65536.
 - commit_granule_words: 8192.
 - virtual_space_node_default_size: 8388608.
 - enlarge_chunks_in_place: 1.
 - use_allocation_guard: 0.


Internal statistics:

num_allocs_failed_limit: 3.
num_arena_births: 464.
num_arena_deaths: 0.
num_vsnodes_births: 2.
num_vsnodes_deaths: 0.
num_space_committed: 413.
num_space_uncommitted: 0.
num_chunks_returned_to_freelist: 3.
num_chunks_taken_from_freelist: 1400.
num_chunk_merges: 0.
num_chunk_splits: 945.
num_chunks_enlarged: 666.
num_inconsistent_stats: 0.

CodeHeap 'non-profiled nmethods': size=120000Kb used=1589Kb max_used=1589Kb free=118410Kb
 bounds [0x00000212eb870000, 0x00000212ebae0000, 0x00000212f2da0000]
CodeHeap 'profiled nmethods': size=120000Kb used=7785Kb max_used=7785Kb free=112214Kb
 bounds [0x00000212e3da0000, 0x00000212e4540000, 0x00000212eb2d0000]
CodeHeap 'non-nmethods': size=5760Kb used=1461Kb max_used=1502Kb free=4299Kb
 bounds [0x00000212eb2d0000, 0x00000212eb540000, 0x00000212eb870000]
 total_blobs=4255 nmethods=3711 adapters=447
 compilation: enabled
              stopped_count=0, restarted_count=0
 full_count=0

Compilation events (20 events):
Event: 5.345 Thread 0x00000212f8a11450 3693       3       org.springframework.core.annotation.AnnotationAwareOrderComparator::sort (20 bytes)
Event: 5.346 Thread 0x00000212f8a11450 nmethod 3693 0x00000212e452cd10 code [0x00000212e452cee0, 0x00000212e452d1a8]
Event: 5.347 Thread 0x00000212f8a11450 3694       3       org.springframework.context.annotation.AnnotationBeanNameGenerator$$Lambda/0x00000212811da0b8::<init> (15 bytes)
Event: 5.347 Thread 0x00000212f8a11450 nmethod 3694 0x00000212e452d290 code [0x00000212e452d440, 0x00000212e452d668]
Event: 5.347 Thread 0x00000212f8a11450 3695       3       org.springframework.context.annotation.AnnotationBeanNameGenerator::isStereotypeWithNameValue (76 bytes)
Event: 5.348 Thread 0x00000212f8a11450 nmethod 3695 0x00000212e452d710 code [0x00000212e452d920, 0x00000212e452deb0]
Event: 5.363 Thread 0x00000212f8a11450 3697       1       org.springframework.boot.autoconfigure.SharedMetadataReaderFactoryContextInitializer$SharedMetadataReaderFactoryBean::getObjectType (3 bytes)
Event: 5.363 Thread 0x00000212f8a11450 nmethod 3697 0x00000212eb9fc990 code [0x00000212eb9fcb20, 0x00000212eb9fcbf0]
Event: 5.365 Thread 0x00000212f8a11450 3699       3       java.util.Properties::get (9 bytes)
Event: 5.365 Thread 0x00000212f8a11450 nmethod 3699 0x00000212e452e090 code [0x00000212e452e240, 0x00000212e452e398]
Event: 5.368 Thread 0x00000212f8a11450 3700       3       java.util.LinkedHashMap$LinkedEntrySet::iterator (16 bytes)
Event: 5.368 Thread 0x00000212f8a11450 nmethod 3700 0x00000212e452e490 code [0x00000212e452e640, 0x00000212e452e858]
Event: 5.368 Thread 0x00000212f8a11450 3701       3       java.util.LinkedHashMap$LinkedEntryIterator::<init> (7 bytes)
Event: 5.368 Thread 0x00000212f8a11450 nmethod 3701 0x00000212e452e990 code [0x00000212e452eb40, 0x00000212e452ec80]
Event: 5.369 Thread 0x00000212f8a11450 3702   !   3       org.springframework.util.ReflectionUtils::getDeclaredMethods (186 bytes)
Event: 5.371 Thread 0x00000212f8a11450 nmethod 3702 0x00000212e452ed10 code [0x00000212e452f080, 0x00000212e4530680]
Event: 5.381 Thread 0x00000212f8a11450 3703       1       org.springframework.context.annotation.ScopeMetadata::getScopeName (5 bytes)
Event: 5.381 Thread 0x00000212f8a11450 nmethod 3703 0x00000212eb9fcc90 code [0x00000212eb9fce20, 0x00000212eb9fcee8]
Event: 5.381 Thread 0x00000212f8a11450 3704       1       org.springframework.context.annotation.ScopeMetadata::getScopedProxyMode (5 bytes)
Event: 5.381 Thread 0x00000212f8a11450 nmethod 3704 0x00000212eb9fcf90 code [0x00000212eb9fd120, 0x00000212eb9fd1e8]

GC Heap History (6 events):
Event: 1.592 GC heap before
{Heap before GC invocations=0 (full 0):
 garbage-first heap   total 129024K, used 24576K [0x0000000082400000, 0x0000000100000000)
  region size 1024K, 23 young (23552K), 0 survivors (0K)
 Metaspace       used 5375K, committed 5568K, reserved 1114112K
  class space    used 619K, committed 704K, reserved 1048576K
}
Event: 1.599 GC heap after
{Heap after GC invocations=1 (full 0):
 garbage-first heap   total 129024K, used 7918K [0x0000000082400000, 0x0000000100000000)
  region size 1024K, 3 young (3072K), 3 survivors (3072K)
 Metaspace       used 5375K, committed 5568K, reserved 1114112K
  class space    used 619K, committed 704K, reserved 1048576K
}
Event: 2.735 GC heap before
{Heap before GC invocations=1 (full 0):
 garbage-first heap   total 129024K, used 37614K [0x0000000082400000, 0x0000000100000000)
  region size 1024K, 33 young (33792K), 3 survivors (3072K)
 Metaspace       used 13414K, committed 13760K, reserved 1114112K
  class space    used 1820K, committed 1984K, reserved 1048576K
}
Event: 2.741 GC heap after
{Heap after GC invocations=2 (full 0):
 garbage-first heap   total 129024K, used 10745K [0x0000000082400000, 0x0000000100000000)
  region size 1024K, 3 young (3072K), 3 survivors (3072K)
 Metaspace       used 13414K, committed 13760K, reserved 1114112K
  class space    used 1820K, committed 1984K, reserved 1048576K
}
Event: 3.595 GC heap before
{Heap before GC invocations=2 (full 0):
 garbage-first heap   total 129024K, used 43513K [0x0000000082400000, 0x0000000100000000)
  region size 1024K, 37 young (37888K), 3 survivors (3072K)
 Metaspace       used 21161K, committed 21504K, reserved 1114112K
  class space    used 2696K, committed 2880K, reserved 1048576K
}
Event: 3.603 GC heap after
{Heap after GC invocations=3 (full 0):
 garbage-first heap   total 129024K, used 14012K [0x0000000082400000, 0x0000000100000000)
  region size 1024K, 6 young (6144K), 6 survivors (6144K)
 Metaspace       used 21161K, committed 21504K, reserved 1114112K
  class space    used 2696K, committed 2880K, reserved 1048576K
}

Dll operation events (12 events):
Event: 0.182 Loaded shared library C:\Users\hp\.jdks\openjdk-21.0.1\bin\java.dll
Event: 0.227 Loaded shared library C:\Users\hp\.jdks\openjdk-21.0.1\bin\jsvml.dll
Event: 0.542 Loaded shared library C:\Users\hp\.jdks\openjdk-21.0.1\bin\zip.dll
Event: 0.550 Loaded shared library C:\Users\hp\.jdks\openjdk-21.0.1\bin\instrument.dll
Event: 0.560 Loaded shared library C:\Users\hp\.jdks\openjdk-21.0.1\bin\net.dll
Event: 0.563 Loaded shared library C:\Users\hp\.jdks\openjdk-21.0.1\bin\nio.dll
Event: 0.570 Loaded shared library C:\Users\hp\.jdks\openjdk-21.0.1\bin\zip.dll
Event: 0.780 Loaded shared library C:\Users\hp\.jdks\openjdk-21.0.1\bin\extnet.dll
Event: 0.849 Loaded shared library C:\Users\hp\.jdks\openjdk-21.0.1\bin\jimage.dll
Event: 1.360 Loaded shared library C:\Users\hp\.jdks\openjdk-21.0.1\bin\management.dll
Event: 1.369 Loaded shared library C:\Users\hp\.jdks\openjdk-21.0.1\bin\management_ext.dll
Event: 3.715 Loaded shared library C:\Users\hp\.jdks\openjdk-21.0.1\bin\sunmscapi.dll

Deoptimization events (20 events):
Event: 4.329 Thread 0x00000212fd568de0 Uncommon trap: trap_request=0xffffff45 fr.pc=0x00000212eb962e3c relative=0x000000000000137c
Event: 4.329 Thread 0x00000212fd568de0 Uncommon trap: reason=unstable_if action=reinterpret pc=0x00000212eb962e3c method=jdk.internal.jimage.ImageLocation.verifyName(Ljava/lang/String;Ljava/lang/String;IIIIIILjdk/internal/jimage/ImageStrings;)Z @ 27 c2
Event: 4.329 Thread 0x00000212fd568de0 DEOPT PACKING pc=0x00000212eb962e3c sp=0x000000e6d07fdab0
Event: 4.329 Thread 0x00000212fd568de0 DEOPT UNPACKING pc=0x00000212eb3246a2 sp=0x000000e6d07fd988 mode 2
Event: 4.982 Thread 0x00000212fd568de0 Uncommon trap: trap_request=0xffffff45 fr.pc=0x00000212eb9c0fd4 relative=0x0000000000000434
Event: 4.982 Thread 0x00000212fd568de0 Uncommon trap: reason=unstable_if action=reinterpret pc=0x00000212eb9c0fd4 method=org.springframework.beans.factory.support.AbstractBeanFactory.getMergedLocalBeanDefinition(Ljava/lang/String;)Lorg/springframework/beans/factory/support/RootBeanDefinition; 
Event: 4.983 Thread 0x00000212fd568de0 DEOPT PACKING pc=0x00000212eb9c0fd4 sp=0x000000e6d07fe120
Event: 4.983 Thread 0x00000212fd568de0 DEOPT UNPACKING pc=0x00000212eb3246a2 sp=0x000000e6d07fe0c8 mode 2
Event: 5.078 Thread 0x00000212fd568de0 Uncommon trap: trap_request=0xffffffde fr.pc=0x00000212eb977c80 relative=0x00000000000007c0
Event: 5.078 Thread 0x00000212fd568de0 Uncommon trap: reason=class_check action=maybe_recompile pc=0x00000212eb977c80 method=java.util.regex.Matcher.search(I)Z @ 121 c2
Event: 5.078 Thread 0x00000212fd568de0 DEOPT PACKING pc=0x00000212eb977c80 sp=0x000000e6d07fd1a0
Event: 5.078 Thread 0x00000212fd568de0 DEOPT UNPACKING pc=0x00000212eb3246a2 sp=0x000000e6d07fd170 mode 2
Event: 5.089 Thread 0x00000212fd568de0 Uncommon trap: trap_request=0xffffffcc fr.pc=0x00000212eb9f5704 relative=0x0000000000000344
Event: 5.089 Thread 0x00000212fd568de0 Uncommon trap: reason=intrinsic_or_type_checked_inlining action=make_not_entrant pc=0x00000212eb9f5704 method=java.util.Arrays.copyOf([Ljava/lang/Object;ILjava/lang/Class;)[Ljava/lang/Object; @ 35 c2
Event: 5.089 Thread 0x00000212fd568de0 DEOPT PACKING pc=0x00000212eb9f5704 sp=0x000000e6d07fd200
Event: 5.089 Thread 0x00000212fd568de0 DEOPT UNPACKING pc=0x00000212eb3246a2 sp=0x000000e6d07fd190 mode 2
Event: 5.306 Thread 0x00000212fd568de0 Uncommon trap: trap_request=0xffffff45 fr.pc=0x00000212eb9d21e0 relative=0x0000000000000c00
Event: 5.306 Thread 0x00000212fd568de0 Uncommon trap: reason=unstable_if action=reinterpret pc=0x00000212eb9d21e0 method=org.springframework.core.ResolvableType$1.isAssignableFrom(Ljava/lang/Class;)Z @ 15 c2
Event: 5.306 Thread 0x00000212fd568de0 DEOPT PACKING pc=0x00000212eb9d21e0 sp=0x000000e6d07fe250
Event: 5.306 Thread 0x00000212fd568de0 DEOPT UNPACKING pc=0x00000212eb3246a2 sp=0x000000e6d07fe1a0 mode 2

Classes loaded (20 events):
Event: 3.718 Loading class com/sun/security/sasl/Provider$1
Event: 3.718 Loading class com/sun/security/sasl/Provider$1 done
Event: 3.718 Loading class com/sun/security/sasl/Provider$ProviderService
Event: 3.718 Loading class com/sun/security/sasl/Provider$ProviderService done
Event: 3.719 Loading class sun/security/provider/certpath/ldap/JdkLDAP
Event: 3.719 Loading class sun/security/provider/certpath/ldap/JdkLDAP done
Event: 3.720 Loading class sun/security/provider/certpath/ldap/JdkLDAP$ProviderService
Event: 3.720 Loading class sun/security/provider/certpath/ldap/JdkLDAP$ProviderService done
Event: 3.930 Loading class java/security/AccessControlException
Event: 3.930 Loading class java/security/AccessControlException done
Event: 3.940 Loading class java/beans/PropertyVetoException
Event: 3.940 Loading class java/beans/PropertyVetoException done
Event: 4.798 Loading class java/lang/UnsupportedClassVersionError
Event: 4.798 Loading class java/lang/ClassFormatError
Event: 4.798 Loading class java/lang/ClassFormatError done
Event: 4.798 Loading class java/lang/UnsupportedClassVersionError done
Event: 5.100 Loading class java/util/stream/ReferencePipeline$15
Event: 5.101 Loading class java/util/stream/ReferencePipeline$15 done
Event: 5.102 Loading class java/util/stream/ReferencePipeline$15$1
Event: 5.102 Loading class java/util/stream/ReferencePipeline$15$1 done

Classes unloaded (0 events):
No events

Classes redefined (0 events):
No events

Internal exceptions (20 events):
Event: 2.070 Thread 0x00000212fd568de0 Exception <a 'java/lang/NoSuchMethodError'{0x00000000898763c8}: 'int java.lang.invoke.DirectMethodHandle$Holder.invokeSpecialIFC(java.lang.Object, java.lang.Object, java.lang.Object, java.lang.Object)'> (0x00000000898763c8) 
thrown [s\open\src\hotspot\share\interpreter\linkResolver.cpp, line 773]
Event: 2.103 Thread 0x00000212fd568de0 Exception <a 'java/lang/NoSuchMethodError'{0x000000008971d248}: 'void java.lang.invoke.DirectMethodHandle$Holder.invokeInterface(java.lang.Object, java.lang.Object, java.lang.Object)'> (0x000000008971d248) 
thrown [s\open\src\hotspot\share\interpreter\linkResolver.cpp, line 773]
Event: 2.139 Thread 0x00000212fd568de0 Exception <a 'java/lang/NoSuchMethodError'{0x00000000897b32a0}: 'void java.lang.invoke.DirectMethodHandle$Holder.invokeStaticInit(java.lang.Object, java.lang.Object, java.lang.Object)'> (0x00000000897b32a0) 
thrown [s\open\src\hotspot\share\interpreter\linkResolver.cpp, line 773]
Event: 2.144 Thread 0x00000212fd568de0 Exception <a 'java/lang/NoSuchMethodError'{0x00000000897e99b0}: 'java.lang.Object java.lang.invoke.DirectMethodHandle$Holder.invokeStaticInit(java.lang.Object, int)'> (0x00000000897e99b0) 
thrown [s\open\src\hotspot\share\interpreter\linkResolver.cpp, line 773]
Event: 2.148 Thread 0x00000212fd568de0 Exception <a 'java/lang/NoSuchMethodError'{0x00000000897f3cf8}: 'java.lang.Object java.lang.invoke.DirectMethodHandle$Holder.invokeStatic(java.lang.Object, int, java.lang.Object)'> (0x00000000897f3cf8) 
thrown [s\open\src\hotspot\share\interpreter\linkResolver.cpp, line 773]
Event: 2.149 Thread 0x00000212fd568de0 Exception <a 'java/lang/NoSuchMethodError'{0x00000000897f7348}: 'java.lang.Object java.lang.invoke.DirectMethodHandle$Holder.invokeStaticInit(java.lang.Object, int, java.lang.Object)'> (0x00000000897f7348) 
thrown [s\open\src\hotspot\share\interpreter\linkResolver.cpp, line 773]
Event: 2.157 Thread 0x00000212fd568de0 Exception <a 'java/lang/NoSuchMethodError'{0x00000000896147c8}: 'java.lang.Object java.lang.invoke.DirectMethodHandle$Holder.invokeVirtual(java.lang.Object, java.lang.Object, java.lang.Object)'> (0x00000000896147c8) 
thrown [s\open\src\hotspot\share\interpreter\linkResolver.cpp, line 773]
Event: 2.190 Thread 0x00000212fd568de0 Exception <a 'java/lang/NoSuchMethodError'{0x00000000896b0f30}: 'void java.lang.invoke.DirectMethodHandle$Holder.invokeVirtual(java.lang.Object, java.lang.Object, java.lang.Object, java.lang.Object)'> (0x00000000896b0f30) 
thrown [s\open\src\hotspot\share\interpreter\linkResolver.cpp, line 773]
Event: 2.317 Thread 0x00000212fd568de0 Exception <a 'java/lang/NoSuchMethodError'{0x0000000089302350}: 'java.lang.Object java.lang.invoke.Invokers$Holder.invoke_MT(java.lang.Object, java.lang.Object, java.lang.Object, java.lang.Object, java.lang.Object, java.lang.Object, java.lang.Object, java.lang.Object, java.lang.Object)'> (0x0000000089302350) 
thrown [s\open\src\hotspot\share\interpreter\linkResolver.cpp, line 773]
Event: 2.325 Thread 0x00000212fd568de0 Exception <a 'java/lang/NoSuchMethodError'{0x000000008932ff70}: 'java.lang.reflect.Field[] java.lang.Class.getDeclaredFields(java.lang.Class)'> (0x000000008932ff70) 
thrown [s\open\src\hotspot\share\interpreter\linkResolver.cpp, line 773]
Event: 2.346 Thread 0x00000212fd568de0 Exception <a 'java/lang/IncompatibleClassChangeError'{0x00000000893f9078}: Found class java.lang.Object, but interface was expected> (0x00000000893f9078) 
thrown [s\open\src\hotspot\share\interpreter\linkResolver.cpp, line 840]
Event: 2.854 Thread 0x00000212fd568de0 Exception <a 'java/lang/NoSuchMethodError'{0x0000000089d629a8}: 'int java.lang.invoke.DirectMethodHandle$Holder.invokeSpecial(java.lang.Object, java.lang.Object, java.lang.Object, java.lang.Object, java.lang.Object)'> (0x0000000089d629a8) 
thrown [s\open\src\hotspot\share\interpreter\linkResolver.cpp, line 773]
Event: 2.862 Thread 0x00000212fd568de0 Exception <a 'java/lang/NoSuchMethodError'{0x0000000089d6ab80}: 'void java.lang.invoke.DirectMethodHandle$Holder.invokeVirtual(java.lang.Object, java.lang.Object)'> (0x0000000089d6ab80) 
thrown [s\open\src\hotspot\share\interpreter\linkResolver.cpp, line 773]
Event: 3.465 Thread 0x00000212fdca5210 Exception <a 'java/lang/NoSuchMethodError'{0x00000000885cad28}: 'long java.lang.invoke.DirectMethodHandle$Holder.invokeSpecial(java.lang.Object, java.lang.Object)'> (0x00000000885cad28) 
thrown [s\open\src\hotspot\share\interpreter\linkResolver.cpp, line 773]
Event: 3.467 Thread 0x00000212fdca5210 Exception <a 'java/lang/NoSuchMethodError'{0x00000000885d4608}: 'long java.lang.invoke.DirectMethodHandle$Holder.invokeStatic(java.lang.Object, java.lang.Object)'> (0x00000000885d4608) 
thrown [s\open\src\hotspot\share\interpreter\linkResolver.cpp, line 773]
Event: 3.467 Thread 0x00000212fdca5210 Exception <a 'java/lang/NoSuchMethodError'{0x00000000885d76c0}: 'long java.lang.invoke.DirectMethodHandle$Holder.invokeStaticInit(java.lang.Object, java.lang.Object)'> (0x00000000885d76c0) 
thrown [s\open\src\hotspot\share\interpreter\linkResolver.cpp, line 773]
Event: 3.470 Thread 0x00000212fdca5210 Exception <a 'java/lang/NoSuchMethodError'{0x0000000088407158}: 'long java.lang.invoke.DirectMethodHandle$Holder.invokeInterface(java.lang.Object, java.lang.Object)'> (0x0000000088407158) 
thrown [s\open\src\hotspot\share\interpreter\linkResolver.cpp, line 773]
Event: 3.471 Thread 0x00000212fdca5210 Exception <a 'java/lang/IncompatibleClassChangeError'{0x000000008840a158}: Found class java.lang.Object, but interface was expected> (0x000000008840a158) 
thrown [s\open\src\hotspot\share\interpreter\linkResolver.cpp, line 840]
Event: 3.477 Thread 0x00000212fdca5210 Exception <a 'java/lang/NoSuchMethodError'{0x000000008841eb10}: 'java.lang.Object java.lang.invoke.DirectMethodHandle$Holder.invokeVirtual(java.lang.Object, java.lang.Object, java.lang.Object, java.lang.Object)'> (0x000000008841eb10) 
thrown [s\open\src\hotspot\share\interpreter\linkResolver.cpp, line 773]
Event: 3.554 Thread 0x00000212fd568de0 Exception <a 'java/lang/IncompatibleClassChangeError'{0x00000000882cbb10}: Found class java.lang.Object, but interface was expected> (0x00000000882cbb10) 
thrown [s\open\src\hotspot\share\interpreter\linkResolver.cpp, line 840]

ZGC Phase Switch (0 events):
No events

VM Operations (20 events):
Event: 3.667 Executing VM operation: HandshakeAllThreads (Deoptimize)
Event: 3.668 Executing VM operation: HandshakeAllThreads (Deoptimize) done
Event: 3.930 Executing VM operation: HandshakeAllThreads (Deoptimize)
Event: 3.931 Executing VM operation: HandshakeAllThreads (Deoptimize) done
Event: 4.028 Executing VM operation: ICBufferFull
Event: 4.028 Executing VM operation: ICBufferFull done
Event: 4.750 Executing VM operation: ICBufferFull
Event: 4.750 Executing VM operation: ICBufferFull done
Event: 4.979 Executing VM operation: HandshakeAllThreads (Deoptimize)
Event: 4.979 Executing VM operation: HandshakeAllThreads (Deoptimize) done
Event: 4.980 Executing VM operation: HandshakeAllThreads (Deoptimize)
Event: 4.980 Executing VM operation: HandshakeAllThreads (Deoptimize) done
Event: 4.989 Executing VM operation: HandshakeAllThreads (Deoptimize)
Event: 4.989 Executing VM operation: HandshakeAllThreads (Deoptimize) done
Event: 4.990 Executing VM operation: HandshakeAllThreads (Deoptimize)
Event: 4.990 Executing VM operation: HandshakeAllThreads (Deoptimize) done
Event: 5.108 Executing VM operation: HandshakeAllThreads (Deoptimize)
Event: 5.108 Executing VM operation: HandshakeAllThreads (Deoptimize) done
Event: 5.181 Executing VM operation: HandshakeAllThreads (Deoptimize)
Event: 5.181 Executing VM operation: HandshakeAllThreads (Deoptimize) done

Events (19 events):
Event: 0.201 Thread 0x00000212da14d660 Thread added: 0x00000212da14d660
Event: 0.224 Thread 0x00000212f8a01860 Thread added: 0x00000212f8a01860
Event: 0.224 Thread 0x00000212f8a02780 Thread added: 0x00000212f8a02780
Event: 0.224 Thread 0x00000212f8a04550 Thread added: 0x00000212f8a04550
Event: 0.224 Thread 0x00000212f8a07240 Thread added: 0x00000212f8a07240
Event: 0.225 Thread 0x00000212f8a07ca0 Thread added: 0x00000212f8a07ca0
Event: 0.225 Thread 0x00000212f8a0a710 Thread added: 0x00000212f8a0a710
Event: 0.225 Thread 0x00000212f8a109b0 Thread added: 0x00000212f8a109b0
Event: 0.225 Thread 0x00000212f8a11450 Thread added: 0x00000212f8a11450
Event: 0.497 Thread 0x00000212f89c2150 Thread added: 0x00000212f89c2150
Event: 0.606 Thread 0x00000212f8d59a80 Thread added: 0x00000212f8d59a80
Event: 0.763 Thread 0x00000212fd13f380 Thread added: 0x00000212fd13f380
Event: 0.763 Thread 0x00000212f8e8eaa0 Thread added: 0x00000212f8e8eaa0
Event: 1.447 Thread 0x00000212fd7fdb70 Thread added: 0x00000212fd7fdb70
Event: 1.457 Thread 0x00000212fd568de0 Thread added: 0x00000212fd568de0
Event: 2.313 Thread 0x00000212fdca5210 Thread added: 0x00000212fdca5210
Event: 3.335 Thread 0x00000212fdb073a0 Thread added: 0x00000212fdb073a0
Event: 3.524 Thread 0x00000212fdb073a0 Thread exited: 0x00000212fdb073a0
Event: 3.723 Thread 0x00000212fdca5210 Thread exited: 0x00000212fdca5210


Dynamic libraries:
0x00007ff77be40000 - 0x00007ff77be4e000 	C:\Users\hp\.jdks\openjdk-21.0.1\bin\java.exe
0x00007ffb5e890000 - 0x00007ffb5ea88000 	C:\Windows\SYSTEM32\ntdll.dll
0x00007ffb5e720000 - 0x00007ffb5e7e2000 	C:\Windows\System32\KERNEL32.DLL
0x00007ffb5c120000 - 0x00007ffb5c416000 	C:\Windows\System32\KERNELBASE.dll
0x00007ffb5c530000 - 0x00007ffb5c630000 	C:\Windows\System32\ucrtbase.dll
0x00007ffb57270000 - 0x00007ffb57288000 	C:\Users\hp\.jdks\openjdk-21.0.1\bin\jli.dll
0x00007ffb570d0000 - 0x00007ffb570eb000 	C:\Users\hp\.jdks\openjdk-21.0.1\bin\VCRUNTIME140.dll
0x00007ffb5d830000 - 0x00007ffb5d9d1000 	C:\Windows\System32\USER32.dll
0x00007ffb5c880000 - 0x00007ffb5c8a2000 	C:\Windows\System32\win32u.dll
0x00007ffb5d9e0000 - 0x00007ffb5da0b000 	C:\Windows\System32\GDI32.dll
0x00007ffb5b2c0000 - 0x00007ffb5b55b000 	C:\Windows\WinSxS\amd64_microsoft.windows.common-controls_6595b64144ccf1df_6.0.19041.6456_none_60b8a6cb71f64256\COMCTL32.dll
0x00007ffb5bf20000 - 0x00007ffb5c039000 	C:\Windows\System32\gdi32full.dll
0x00007ffb5ca40000 - 0x00007ffb5cade000 	C:\Windows\System32\msvcrt.dll
0x00007ffb5c630000 - 0x00007ffb5c6cd000 	C:\Windows\System32\msvcp_win.dll
0x00007ffb5d270000 - 0x00007ffb5d29f000 	C:\Windows\System32\IMM32.DLL
0x00007ffb57240000 - 0x00007ffb5724c000 	C:\Users\hp\.jdks\openjdk-21.0.1\bin\vcruntime140_1.dll
0x00007ffb308d0000 - 0x00007ffb3095e000 	C:\Users\hp\.jdks\openjdk-21.0.1\bin\msvcp140.dll
0x00007ffb0c440000 - 0x00007ffb0d155000 	C:\Users\hp\.jdks\openjdk-21.0.1\bin\server\jvm.dll
0x00007ffb5dd40000 - 0x00007ffb5ddf1000 	C:\Windows\System32\ADVAPI32.dll
0x00007ffb5cae0000 - 0x00007ffb5cb7f000 	C:\Windows\System32\sechost.dll
0x00007ffb5d6b0000 - 0x00007ffb5d7d0000 	C:\Windows\System32\RPCRT4.dll
0x00007ffb5c0f0000 - 0x00007ffb5c117000 	C:\Windows\System32\bcrypt.dll
0x00007ffb5da10000 - 0x00007ffb5da7b000 	C:\Windows\System32\WS2_32.dll
0x00007ffb5bd80000 - 0x00007ffb5bdcb000 	C:\Windows\SYSTEM32\POWRPROF.dll
0x00007ffb4afd0000 - 0x00007ffb4aff7000 	C:\Windows\SYSTEM32\WINMM.dll
0x00007ffb58220000 - 0x00007ffb5822a000 	C:\Windows\SYSTEM32\VERSION.dll
0x00007ffb5bd60000 - 0x00007ffb5bd72000 	C:\Windows\SYSTEM32\UMPDC.dll
0x00007ffb5a090000 - 0x00007ffb5a0a2000 	C:\Windows\SYSTEM32\kernel.appcore.dll
0x00007ffb59ba0000 - 0x00007ffb59baa000 	C:\Users\hp\.jdks\openjdk-21.0.1\bin\jimage.dll
0x00007ffb5b860000 - 0x00007ffb5ba61000 	C:\Windows\SYSTEM32\DBGHELP.DLL
0x00007ffb5b670000 - 0x00007ffb5b6a4000 	C:\Windows\SYSTEM32\dbgcore.DLL
0x00007ffb5c420000 - 0x00007ffb5c4a2000 	C:\Windows\System32\bcryptPrimitives.dll
0x00007ffb57300000 - 0x00007ffb5730f000 	C:\Users\hp\.jdks\openjdk-21.0.1\bin\instrument.dll
0x00007ffb570b0000 - 0x00007ffb570cf000 	C:\Users\hp\.jdks\openjdk-21.0.1\bin\java.dll
0x00007ffb5dfb0000 - 0x00007ffb5e720000 	C:\Windows\System32\SHELL32.dll
0x00007ffb59240000 - 0x00007ffb599e5000 	C:\Windows\SYSTEM32\windows.storage.dll
0x00007ffb5d350000 - 0x00007ffb5d6a4000 	C:\Windows\System32\combase.dll
0x00007ffb5b220000 - 0x00007ffb5b24b000 	C:\Windows\SYSTEM32\Wldp.dll
0x00007ffb5c8b0000 - 0x00007ffb5c97d000 	C:\Windows\System32\OLEAUT32.dll
0x00007ffb5d2a0000 - 0x00007ffb5d34d000 	C:\Windows\System32\SHCORE.dll
0x00007ffb5d7d0000 - 0x00007ffb5d82b000 	C:\Windows\System32\shlwapi.dll
0x00007ffb5be50000 - 0x00007ffb5be74000 	C:\Windows\SYSTEM32\profapi.dll
0x00007ffb230f0000 - 0x00007ffb231c7000 	C:\Users\hp\.jdks\openjdk-21.0.1\bin\jsvml.dll
0x00007ffb54cd0000 - 0x00007ffb54ce8000 	C:\Users\hp\.jdks\openjdk-21.0.1\bin\zip.dll
0x00007ffb57110000 - 0x00007ffb57120000 	C:\Users\hp\.jdks\openjdk-21.0.1\bin\net.dll
0x00007ffb52e60000 - 0x00007ffb52f6a000 	C:\Windows\SYSTEM32\WINHTTP.dll
0x00007ffb5ae90000 - 0x00007ffb5aefa000 	C:\Windows\system32\mswsock.dll
0x00007ffb57090000 - 0x00007ffb570a6000 	C:\Users\hp\.jdks\openjdk-21.0.1\bin\nio.dll
0x00007ffb57040000 - 0x00007ffb57047000 	C:\Users\hp\.jdks\openjdk-21.0.1\bin\extnet.dll
0x00007ffb52d70000 - 0x00007ffb52d7a000 	C:\Users\hp\.jdks\openjdk-21.0.1\bin\management.dll
0x00007ffb52d60000 - 0x00007ffb52d6b000 	C:\Users\hp\.jdks\openjdk-21.0.1\bin\management_ext.dll
0x00007ffb5d260000 - 0x00007ffb5d268000 	C:\Windows\System32\PSAPI.DLL
0x00007ffb52d80000 - 0x00007ffb52d8e000 	C:\Users\hp\.jdks\openjdk-21.0.1\bin\sunmscapi.dll
0x00007ffb5c6d0000 - 0x00007ffb5c82d000 	C:\Windows\System32\CRYPT32.dll
0x00007ffb5b290000 - 0x00007ffb5b2b7000 	C:\Windows\SYSTEM32\ncrypt.dll
0x00007ffb5b250000 - 0x00007ffb5b28b000 	C:\Windows\SYSTEM32\NTASN1.dll

dbghelp: loaded successfully - version: 4.0.5 - missing functions: none
symbol engine: initialized successfully - sym options: 0x614 - pdb path: .;C:\Users\hp\.jdks\openjdk-21.0.1\bin;C:\Windows\SYSTEM32;C:\Windows\WinSxS\amd64_microsoft.windows.common-controls_6595b64144ccf1df_6.0.19041.6456_none_60b8a6cb71f64256;C:\Users\hp\.jdks\openjdk-21.0.1\bin\server

VM Arguments:
jvm_args: -javaagent:C:\Program Files\JetBrains\IntelliJ IDEA Community Edition 2025.1.1.1\lib\idea_rt.jar=53909 -Dfile.encoding=UTF-8 -Dsun.stdout.encoding=UTF-8 -Dsun.stderr.encoding=UTF-8 
java_command: com.example.stipendije.StipendijeApplication
java_class_path (initial): C:\Users\hp\Desktop\stipendije\target\classes;C:\Users\hp\.m2\repository\org\springframework\boot\spring-boot-starter-data-jpa\3.5.7\spring-boot-starter-data-jpa-3.5.7.jar;C:\Users\hp\.m2\repository\org\springframework\boot\spring-boot-starter\3.5.7\spring-boot-starter-3.5.7.jar;C:\Users\hp\.m2\repository\org\springframework\boot\spring-boot-starter-logging\3.5.7\spring-boot-starter-logging-3.5.7.jar;C:\Users\hp\.m2\repository\ch\qos\logback\logback-classic\1.5.20\logback-classic-1.5.20.jar;C:\Users\hp\.m2\repository\ch\qos\logback\logback-core\1.5.20\logback-core-1.5.20.jar;C:\Users\hp\.m2\repository\org\apache\logging\log4j\log4j-to-slf4j\2.24.3\log4j-to-slf4j-2.24.3.jar;C:\Users\hp\.m2\repository\org\apache\logging\log4j\log4j-api\2.24.3\log4j-api-2.24.3.jar;C:\Users\hp\.m2\repository\org\slf4j\jul-to-slf4j\2.0.17\jul-to-slf4j-2.0.17.jar;C:\Users\hp\.m2\repository\jakarta\annotation\jakarta.annotation-api\2.1.1\jakarta.annotation-api-2.1.1.jar;C:\Users\hp\.m2\repository\org\yaml\snakeyaml\2.4\snakeyaml-2.4.jar;C:\Users\hp\.m2\repository\org\springframework\boot\spring-boot-starter-jdbc\3.5.7\spring-boot-starter-jdbc-3.5.7.jar;C:\Users\hp\.m2\repository\com\zaxxer\HikariCP\6.3.3\HikariCP-6.3.3.jar;C:\Users\hp\.m2\repository\org\springframework\spring-jdbc\6.2.12\spring-jdbc-6.2.12.jar;C:\Users\hp\.m2\repository\org\hibernate\orm\hibernate-core\6.6.33.Final\hibernate-core-6.6.33.Final.jar;C:\Users\hp\.m2\repository\jakarta\persistence\jakarta.persistence-api\3.1.0\jakarta.persistence-api-3.1.0.jar;C:\Users\hp\.m2\repository\jakarta\transaction\jakarta.transaction-api\2.0.1\jakarta.transaction-api-2.0.1.jar;C:\Users\hp\.m2\repository\org\jboss\logging\jboss-logging\3.6.1.Final\jboss-logging-3.6.1.Final.jar;C:\Users\hp\.m2\repository\org\hibernate\common\hibernate-commons-annotations\7.0.3.Final\hibernate-commons-annotations-7.0.3.Final.jar;C:\Users\hp\.m2\repository\io\smallrye\jandex\3.2.0\jandex-3.2.0.jar;C:\Users\hp\.m2\repository\com\fasterxml\classmate\1.7.1\classmate-1.7.1.jar;C:\Users\hp\.m2\repository\net\bytebuddy\byte-buddy\1.17.8\byte-buddy-1.17.8.jar;C:\Users\hp\.m2\repository\org\glassfish\jaxb\jaxb-runtime\4.0.6\jaxb-runtime-4.0.6.jar;C:\Users\hp\.m2\repository\org\glassfish\jaxb\jaxb-core\4.0.6\jaxb-core-4.0.6.jar;C:\Users\hp\.m2\repository\org\eclipse\angus\angus-activation\2.0.3\angus-activation-2.0.3.jar;C:\Users\hp\.m2\repository\org\glassfish\jaxb\txw2\4.0.6\txw2-4.0.6.jar;C:\Users\hp\.m2\repository\com\sun\istack\istack-commons-runtime\4.1.2\istack-commons-runtime-4.1.2.jar;C:\Users\hp\.m2\repository\jakarta\inject\jakarta.inject-api\2.0.1\jakarta.inject-api-2.0.1.jar;C:\Users\hp\.m2\repository\org\antlr\antlr4-runtime\4.13.0\antlr4-runtime-4.13.0.jar;C:\Users\hp\.m2\repository\org\springframework\data\spring-data-jpa\3.5.5\spring-data-jpa-3.5.5.jar;C:\Users\hp\.m2\repository\org\springframework\data\spring-data-commons\3.5.5\spring-data-commons-3.5.5.jar;C:\Users\hp\.m2\repository\org\springframework\spring-orm\6.2.12\spring-orm-6.2.12.jar;C:\Users\hp\.m2\repository\org\springframework\spring-context\6.2.12\spring-context-6.2.12.jar;C:\Users\hp\.m2\repository\org\springframework\spring-tx\6.2.12\spring-tx-6.2.12.jar;C:\Users\hp\.m2\repository\org\springframework\spring-beans\6.2.12\spring-beans-6.2.12.jar;C:\Users\hp\.m2\repository\org\slf4j\slf4j-api\2.0.17\slf4j-api-2.0.17.jar;C:\Users\hp\.m2\repository\org\springframework\spring-aspects\6.2.12\spring-aspects-6.2.12.jar;C:\Users\hp\.m2\repository\org\aspectj\aspectjweaver\1.9.24\aspectjweaver-1.9.24.jar;C:\Users\hp\.m2\repository\org\springframework\boot\spring-boot-starter-validation\3.5.7\spring-boot-starter-validation-3.5.7.jar;C:\Users\hp\.m2\repository\org\apache\tomcat\embed\tomcat-embed-el\10.1.48\tomcat-embed-el-10.1.48.jar;C:\Users\hp\.m2\repository\org\hibernate\validator\hibernate-validator\8.0.3.Final\hibernate-validator-8.0.3.Final.jar;C:\Users\hp\.m2\repository\jakarta\validation\jakarta.validation-api\3.0.2\jakarta.validation-api-3.0.2.jar;C:\Users\hp\.m2\repository\org\springframework\boot\spring-boot-starter-web\3.5.7\spring-boot-starter-web-3.5.7.jar;C:\Users\hp\.m2\repository\org\springframework\boot\spring-boot-starter-json\3.5.7\spring-boot-starter-json-3.5.7.jar;C:\Users\hp\.m2\repository\com\fasterxml\jackson\datatype\jackson-datatype-jdk8\2.19.2\jackson-datatype-jdk8-2.19.2.jar;C:\Users\hp\.m2\repository\com\fasterxml\jackson\datatype\jackson-datatype-jsr310\2.19.2\jackson-datatype-jsr310-2.19.2.jar;C:\Users\hp\.m2\repository\com\fasterxml\jackson\module\jackson-module-parameter-names\2.19.2\jackson-module-parameter-names-2.19.2.jar;C:\Users\hp\.m2\repository\org\springframework\boot\spring-boot-starter-tomcat\3.5.7\spring-boot-starter-tomcat-3.5.7.jar;C:\Users\hp\.m2\repository\org\apache\tomcat\embed\tomcat-embed-core\10.1.48\tomcat-embed-core-10.1.48.jar;C:\Users\hp\.m2\repository\org\apache\tomcat\embed\tomcat-embed-websocket\10.1.48\tomcat-embed-websocket-10.1.48.jar;C:\Users\hp\.m2\repository\org\springframework\spring-web\6.2.12\spring-web-6.2.12.jar;C:\Users\hp\.m2\repository\io\micrometer\micrometer-observation\1.15.5\micrometer-observation-1.15.5.jar;C:\Users\hp\.m2\repository\io\micrometer\micrometer-commons\1.15.5\micrometer-commons-1.15.5.jar;C:\Users\hp\.m2\repository\org\springframework\spring-webmvc\6.2.12\spring-webmvc-6.2.12.jar;C:\Users\hp\.m2\repository\org\springframework\spring-expression\6.2.12\spring-expression-6.2.12.jar;C:\Users\hp\.m2\repository\org\springframework\boot\spring-boot-devtools\3.5.7\spring-boot-devtools-3.5.7.jar;C:\Users\hp\.m2\repository\org\springframework\boot\spring-boot\3.5.7\spring-boot-3.5.7.jar;C:\Users\hp\.m2\repository\org\springframework\boot\spring-boot-autoconfigure\3.5.7\spring-boot-autoconfigure-3.5.7.jar;C:\Users\hp\.m2\repository\org\postgresql\postgresql\42.7.8\postgresql-42.7.8.jar;C:\Users\hp\.m2\repository\org\checkerframework\checker-qual\3.49.5\checker-qual-3.49.5.jar;C:\Users\hp\.m2\repository\org\projectlombok\lombok\1.18.42\lombok-1.18.42.jar;C:\Users\hp\.m2\repository\jakarta\xml\bind\jakarta.xml.bind-api\4.0.4\jakarta.xml.bind-api-4.0.4.jar;C:\Users\hp\.m2\repository\jakarta\activation\jakarta.activation-api\2.1.4\jakarta.activation-api-2.1.4.jar;C:\Users\hp\.m2\repository\org\springframework\spring-core\6.2.12\spring-core-6.2.12.jar;C:\Users\hp\.m2\repository\org\springframework\spring-jcl\6.2.12\spring-jcl-6.2.12.jar;C:\Users\hp\.m2\repository\org\springframework\boot\spring-boot-starter-security\3.5.7\spring-boot-starter-security-3.5.7.jar;C:\Users\hp\.m2\repository\org\springframework\spring-aop\6.2.12\spring-aop-6.2.12.jar;C:\Users\hp\.m2\repository\org\springframework\security\spring-security-config\6.5.6\spring-security-config-6.5.6.jar;C:\Users\hp\.m2\repository\org\springframework\security\spring-security-core\6.5.6\spring-security-core-6.5.6.jar;C:\Users\hp\.m2\repository\org\springframework\security\spring-security-crypto\6.5.6\spring-security-crypto-6.5.6.jar;C:\Users\hp\.m2\repository\org\springframework\security\spring-security-web\6.5.6\spring-security-web-6.5.6.jar;C:\Users\hp\.m2\repository\io\jsonwebtoken\jjwt-api\0.11.5\jjwt-api-0.11.5.jar;C:\Users\hp\.m2\repository\io\jsonwebtoken\jjwt-impl\0.11.5\jjwt-impl-0.11.5.jar;C:\Users\hp\.m2\repository\io\jsonwebtoken\jjwt-jackson\0.11.5\jjwt-jackson-0.11.5.jar;C:\Users\hp\.m2\repository\com\fasterxml\jackson\core\jackson-databind\2.19.2\jackson-databind-2.19.2.jar;C:\Users\hp\.m2\repository\com\fasterxml\jackson\core\jackson-annotations\2.19.2\jackson-annotations-2.19.2.jar;C:\Users\hp\.m2\repository\com\fasterxml\jackson\core\jackson-core\2.19.2\jackson-core-2.19.2.jar;C:\Users\hp\.m2\repository\com\github\librepdf\openpdf\1.3.30\openpdf-1.3.30.jar;C:\Users\hp\.m2\repository\com\google\code\findbugs\jsr305\3.0.2\jsr305-3.0.2.jar
Launcher Type: SUN_STANDARD

[Global flags]
     intx CICompilerCount                          = 4                                         {product} {ergonomic}
     uint ConcGCThreads                            = 2                                         {product} {ergonomic}
     uint G1ConcRefinementThreads                  = 8                                         {product} {ergonomic}
   size_t G1HeapRegionSize                         = 1048576                                   {product} {ergonomic}
    uintx GCDrainStackTargetSize                   = 64                                        {product} {ergonomic}
   size_t InitialHeapSize                          = 132120576                                 {product} {ergonomic}
   size_t MarkStackSize                            = 4194304                                   {product} {ergonomic}
   size_t MaxHeapSize                              = 2109734912                                {product} {ergonomic}
   size_t MaxNewSize                               = 1265631232                                {product} {ergonomic}
   size_t MinHeapDeltaBytes                        = 1048576                                   {product} {ergonomic}
   size_t MinHeapSize                              = 8388608                                   {product} {ergonomic}
    uintx NonNMethodCodeHeapSize                   = 5839372                                {pd product} {ergonomic}
    uintx NonProfiledCodeHeapSize                  = 122909434                              {pd product} {ergonomic}
    uintx ProfiledCodeHeapSize                     = 122909434                              {pd product} {ergonomic}
    uintx ReservedCodeCacheSize                    = 251658240                              {pd product} {ergonomic}
     bool SegmentedCodeCache                       = true                                      {product} {ergonomic}
   size_t SoftMaxHeapSize                          = 2109734912                             {manageable} {ergonomic}
     bool UseCompressedOops                        = true                           {product lp64_product} {ergonomic}
     bool UseG1GC                                  = true                                      {product} {ergonomic}
     bool UseLargePagesIndividualAllocation        = false                                  {pd product} {ergonomic}

Logging:
Log output configuration:
 #0: stdout all=warning uptime,level,tags foldmultilines=false
 #1: stderr all=off uptime,level,tags foldmultilines=false

Environment Variables:
PATH=C:\Program Files\Common Files\Oracle\Java\javapath;C:\Program Files\Microsoft\jdk-11.0.16.101-hotspot\bin;C:\Program Files\Microsoft\jdk-11.0.12.7-hotspot\bin;C:\Python312\Scripts\;C:\Python312\;C:\Windows\system32;C:\Windows;C:\Windows\System32\Wbem;C:\Windows\System32\WindowsPowerShell\v1.0\;C:\Windows\System32\OpenSSH\;C:\Program Files\Git\cmd;C:\Program Files\Azure Data Studio\bin;C:\Program Files (x86)\Microsoft SQL Server\Client SDK\ODBC\110\Tools\Binn\;C:\Program Files (x86)\Microsoft SQL Server\120\Tools\Binn\;C:\Program Files (x86)\Microsoft SQL Server\120\DTS\Binn\;C:\Program Files (x86)\Microsoft SQL Server\120\Tools\Binn\ManagementStudio\;C:\Program Files\Microsoft SQL Server\Client SDK\ODBC\130\Tools\Binn\;C:\Program Files (x86)\Microsoft SQL Server\140\Tools\Binn\;C:\Program Files\Microsoft SQL Server\140\Tools\Binn\;C:\Program Files\Microsoft SQL Server\140\DTS\Binn\;C:\Program Files (x86)\Microsoft SQL Server\160\DTS\Binn\;C:\ProgramData\chocolatey\bin;C:\Program Files\dotnet\;C:\Program Files\MySQL\MySQL Server 8.0\bin;C:\xampp\php;C:\ProgramData\ComposerSetup\bin;C:\Users\hp\AppData\Roaming\nvm;C:\Program Files\nodejs;C:\Users\hp\AppData\Roaming\npm\yarn.;C:\Program Files\nodejs\;C:\Program Files\Java\jdk-25\bin;C:\Program Files\MySQL\MySQL Shell 8.0\bin\;C:\Users\hp\AppData\Local\Microsoft\WindowsApps;C:\Users\hp\AppData\Local\Programs\Microsoft VS Code\bin;C:\Program Files\Azure Data Studio\bin;C:\Users\hp\.dotnet\tools;C:\Users\hp\AppData\Local\Programs\mongosh\;C:\Users\hp\AppData\Roaming\Composer\vendor\bin;C:\Users\hp\AppData\Roaming\nvm;C:\Program Files\nodejs;C:\Users\hp\AppData\Roaming\npm;C:\Program Files\JetBrains\IntelliJ IDEA Community Edition 2025.1.1.1\bin;
USERNAME=hp
OS=Windows_NT
PROCESSOR_IDENTIFIER=Intel64 Family 6 Model 58 Stepping 9, GenuineIntel
TMP=C:\Users\hp\AppData\Local\Temp
TEMP=C:\Users\hp\AppData\Local\Temp




Periodic native trim disabled

---------------  S Y S T E M  ---------------

OS:
 Windows 10 , 64 bit Build 19041 (10.0.19041.5915)
OS uptime: 52 days 8:36 hours

CPU: total 8 (initial active 8) (4 cores per cpu, 2 threads per core) family 6 model 58 stepping 9 microcode 0x21, cx8, cmov, fxsr, ht, mmx, sse, sse2, sse3, ssse3, sse4.1, sse4.2, popcnt, tsc, tscinvbit, avx, aes, erms, clmul, vzeroupper, clflush, rdtscp, f16c
Processor Information for all 8 processors :
  Max Mhz: 2101, Current Mhz: 2101, Mhz Limit: 2101

Memory: 4k page, system-wide physical 8040M (349M free)
TotalPageFile size 16232M (AvailPageFile size 39M)
current process WorkingSet (physical memory assigned to process): 171M, peak: 171M
current process commit charge ("private bytes"): 213M, peak: 264M

vm_info: OpenJDK 64-Bit Server VM (21.0.1+12-29) for windows-amd64 JRE (21.0.1+12-29), built on 2023-10-05T13:27:09Z by "mach5one" with MS VC++ 17.1 (VS2022)

END.
